<?xml version="1.0" encoding="UTF-8"?>
<!-- Generated by org.testng.reporters.JUnitReportReporter -->
<testsuite skipped="0" hostname="DESKTOP-SNS8M4I" name="february2022.tugas3.AppTest" tests="1" failures="0" timestamp="28 Feb 2022 09:58:34 GMT" time="10.158" errors="0">
  <testcase name="test1" time="10.158" classname="february2022.tugas3.AppTest"/>
</testsuite> <!-- february2022.tugas3.AppTest -->
