<?xml version="1.0" encoding="UTF-8"?>
<!-- Generated by org.testng.reporters.JUnitReportReporter -->
<testsuite skipped="0" hostname="DESKTOP-SNS8M4I" name="february2022.tugas4.AppTestPageFactory" tests="1" failures="0" timestamp="02 Mar 2022 08:52:12 GMT" time="11.689" errors="0">
  <testcase name="test1" time="11.689" classname="february2022.tugas4.AppTestPageFactory"/>
</testsuite> <!-- february2022.tugas4.AppTestPageFactory -->
