<?xml version="1.0" encoding="UTF-8"?>
<!-- Generated by org.testng.reporters.JUnitReportReporter -->
<testsuite skipped="0" hostname="DESKTOP-SNS8M4I" name="february2022.tugas4.AppTest" tests="1" failures="0" timestamp="02 Mar 2022 16:22:47 GMT" time="12.101" errors="0">
  <testcase name="test1" time="12.101" classname="february2022.tugas4.AppTest"/>
</testsuite> <!-- february2022.tugas4.AppTest -->
